2025-08-23 17:34:29 - AppLogger - INFO - --- Test setup: Using database file: /app/test_surveillance.db ---
2025-08-23 17:34:29 - AppLogger - INFO - --- Test setup: Running migrations... ---
2025-08-23 17:34:29 - AppLogger - INFO - Running database migrations...
2025-08-23 17:34:29 - AppLogger - INFO - Running database migrations...
2025-08-23 17:34:29 - AppLogger - INFO - Applying migrations to database: test_surveillance.db
2025-08-23 17:34:29 - AppLogger - INFO - Applying migration: 0001_initial_schema.sql...
2025-08-23 17:34:29 - AppLogger - INFO - Successfully applied 0001_initial_schema.sql.
2025-08-23 17:34:29 - AppLogger - INFO - Applying migration: 0002_add_feedback_to_opportunities.sql...
2025-08-23 17:34:29 - AppLogger - INFO - Successfully applied 0002_add_feedback_to_opportunities.sql.
2025-08-23 17:34:29 - AppLogger - INFO - All migrations applied successfully.
2025-08-23 17:34:30 - AppLogger - INFO - Migrations completed.
2025-08-23 17:34:30 - AppLogger - INFO - --- Test setup: Migrations finished. ---
2025-08-23 17:34:30 - AppLogger - INFO - --- Test setup: Initializing database (for default profile)... ---
2025-08-23 17:34:30 - AppLogger - INFO - No profiles found. Creating a default profile...
2025-08-23 17:34:30 - AppLogger - INFO - Default profile created.
2025-08-23 17:34:30 - AppLogger - INFO - --- Test setup: Database initialized. ---
2025-08-23 17:34:30 - AppLogger - INFO - 🤖 Le travailleur de participation est démarré.
2025-08-23 17:34:30 - AppLogger - INFO - 🌐 Serveur sur http://localhost:8081
2025-08-23 17:34:31 - AppLogger - INFO - Arrêt du serveur...
2025-08-23 17:34:32 - AppLogger - INFO - 🤖 Le travailleur de participation est arrêté.
2025-08-23 17:34:32 - AppLogger - INFO - Serveur arrêté.
2025-08-23 17:43:59 - AppLogger - INFO - Running database migrations...
2025-08-23 17:44:00 - AppLogger - INFO - Running database migrations...
2025-08-23 17:44:00 - AppLogger - INFO - Applying migrations to database: surveillance.db
2025-08-23 17:44:00 - AppLogger - INFO - Applying migration: 0001_initial_schema.sql...
2025-08-23 17:44:00 - AppLogger - INFO - Successfully applied 0001_initial_schema.sql.
2025-08-23 17:44:00 - AppLogger - INFO - Applying migration: 0002_add_feedback_to_opportunities.sql...
2025-08-23 17:44:00 - AppLogger - INFO - Successfully applied 0002_add_feedback_to_opportunities.sql.
2025-08-23 17:44:00 - AppLogger - INFO - All migrations applied successfully.
2025-08-23 17:44:00 - AppLogger - INFO - Migrations completed.
2025-08-23 17:44:00 - AppLogger - INFO - No profiles found. Creating a default profile...
2025-08-23 17:44:00 - AppLogger - INFO - Default profile created.
2025-08-23 17:44:00 - AppLogger - INFO - Entraînement du modèle pour le profil : Défaut (ID: 1)
2025-08-23 17:44:00 - AppLogger - INFO - Pas de données d'historique pour l'entraînement.
2025-08-23 17:44:51 - AppLogger - INFO - --- Test setup: Using database file: /app/test_surveillance.db ---
2025-08-23 17:44:51 - AppLogger - INFO - --- Test setup: Running migrations... ---
2025-08-23 17:44:51 - AppLogger - INFO - Running database migrations...
2025-08-23 17:44:51 - AppLogger - INFO - Running database migrations...
2025-08-23 17:44:51 - AppLogger - INFO - Applying migrations to database: test_surveillance.db
2025-08-23 17:44:51 - AppLogger - INFO - Applying migration: 0001_initial_schema.sql...
2025-08-23 17:44:51 - AppLogger - INFO - Successfully applied 0001_initial_schema.sql.
2025-08-23 17:44:51 - AppLogger - INFO - Applying migration: 0002_add_feedback_to_opportunities.sql...
2025-08-23 17:44:51 - AppLogger - INFO - Successfully applied 0002_add_feedback_to_opportunities.sql.
2025-08-23 17:44:51 - AppLogger - INFO - All migrations applied successfully.
2025-08-23 17:44:51 - AppLogger - INFO - Migrations completed.
2025-08-23 17:44:51 - AppLogger - INFO - --- Test setup: Migrations finished. ---
2025-08-23 17:44:51 - AppLogger - INFO - --- Test setup: Initializing database (for default profile)... ---
2025-08-23 17:44:51 - AppLogger - INFO - No profiles found. Creating a default profile...
2025-08-23 17:44:51 - AppLogger - INFO - Default profile created.
2025-08-23 17:44:51 - AppLogger - INFO - --- Test setup: Database initialized. ---
2025-08-23 17:44:51 - AppLogger - INFO - 🤖 Le travailleur de participation est démarré.
2025-08-23 17:44:51 - AppLogger - INFO - 🌐 Serveur sur http://localhost:8081
2025-08-23 17:44:52 - AppLogger - INFO - Arrêt du serveur...
2025-08-23 17:44:53 - AppLogger - INFO - 🤖 Le travailleur de participation est arrêté.
2025-08-23 17:44:53 - AppLogger - INFO - Serveur arrêté.
2025-08-23 17:44:53 - AppLogger - ERROR - Erreur lors du calcul du score avec le modèle: Model failure
2025-08-23 17:57:22 - AppLogger - ERROR - Erreur lors du calcul du score avec le modèle: Model failure
2025-08-23 17:57:22 - AppLogger - INFO - Running database migrations...
2025-08-23 17:57:23 - AppLogger - INFO - Running database migrations...
2025-08-23 17:57:23 - AppLogger - INFO - Applying migrations to database: test_surveillance.db
2025-08-23 17:57:23 - AppLogger - INFO - Applying migration: 0001_initial_schema.sql...
2025-08-23 17:57:23 - AppLogger - INFO - Successfully applied 0001_initial_schema.sql.
2025-08-23 17:57:23 - AppLogger - INFO - Applying migration: 0002_add_feedback_to_opportunities.sql...
2025-08-23 17:57:23 - AppLogger - INFO - Successfully applied 0002_add_feedback_to_opportunities.sql.
2025-08-23 17:57:23 - AppLogger - INFO - All migrations applied successfully.
2025-08-23 17:57:23 - AppLogger - INFO - Migrations completed.
2025-08-23 17:57:23 - AppLogger - INFO - No profiles found. Creating a default profile...
2025-08-23 17:57:23 - AppLogger - INFO - Default profile created.
2025-08-23 17:57:23 - AppLogger - INFO - 🤖 Le travailleur de participation est démarré.
2025-08-23 17:57:23 - AppLogger - INFO - 🌐 Serveur sur http://localhost:8081
2025-08-23 17:57:24 - AppLogger - INFO - Arrêt du serveur...
2025-08-23 17:57:25 - AppLogger - INFO - 🤖 Le travailleur de participation est arrêté.
2025-08-23 17:57:25 - AppLogger - INFO - Serveur arrêté.
